Arguments: 
  /usr/bin/node /usr/bin/yarn add --dev jest babel-jest babel-preset-env babel-preset-react react-test-renderer

PATH: 
  /usr/local/rvm/gems/ruby-2.4.1/bin:/usr/local/rvm/gems/ruby-2.4.1@global/bin:/usr/local/rvm/rubies/ruby-2.4.1/bin:/usr/local/bin:/usr/bin:/bin:/usr/local/games:/usr/games:/usr/local/rvm/bin

Yarn version: 
  1.9.2

Node version: 
  10.3.0

Platform: 
  linux x64

Trace: 
  SyntaxError: /home/usheninte/Dev/Code/0/PRIMA/reactestjs/package.json: Unexpected token } in JSON at position 229
      at JSON.parse (<anonymous>)
      at /usr/lib/node_modules/yarn/lib/cli.js:1130:59
      at Generator.next (<anonymous>)
      at step (/usr/lib/node_modules/yarn/lib/cli.js:92:30)
      at /usr/lib/node_modules/yarn/lib/cli.js:103:13

npm manifest: 
  {
    "name": "reactestjs",
    "version": "1.0.0",
    "description": "React fCC Test Suite plugin",
    "main": "reactest.js",
    "peerDependencies": {
      "react": "^16.5.0",
      "react-dom": "^16.5.0",
      "react-helmet": "^5.2.0",
    },
    "scripts": {
      "test": "jest"
    },
    "repository": {
      "type": "git",
      "url": "git+https://github.com/Usheninte/reactest.js.git"
    },
    "keywords": [
      "freeCodeCamp",
      "Test",
      "Suite",
      "fCC",
      "fCC",
      "Test",
      "Suite",
      "React",
      "React",
      "freeCodeCamp",
      "Test",
      "Suite",
      "React",
      "fCC",
      "Test",
      "Suite"
    ],
    "author": "Usheninte",
    "license": "MIT",
    "bugs": {
      "url": "https://github.com/Usheninte/reactest.js/issues"
    },
    "homepage": "https://github.com/Usheninte/reactest.js#readme"
  }

yarn manifest: 
  No manifest

Lockfile: 
  No lockfile
